<?xml version="1.0" encoding="UTF-8"?>
<testsuite name="RectangleTest" tests="5" skipped="0" failures="0" errors="0" timestamp="2015-05-20T21:41:56" hostname="Jakes-iMac.local" time="0.002">
  <properties/>
  <testcase name="mIsSquare_widthAndHeightDifferent_false" classname="RectangleTest" time="0.001"/>
  <testcase name="isSquare_allSidesEqual_true" classname="RectangleTest" time="0.0"/>
  <testcase name="isSquare_widthAndHeightDifferent_false" classname="RectangleTest" time="0.0"/>
  <testcase name="checkRectangle_withEqualSides_true" classname="RectangleTest" time="0.0"/>
  <testcase name="mIsSquare_withEqualSides_true" classname="RectangleTest" time="0.001"/>
  <system-out><![CDATA[]]></system-out>
  <system-err><![CDATA[]]></system-err>
</testsuite>
