<?xml version="1.0" encoding="UTF-8"?>
<testsuite name="TodoTest" tests="1" skipped="0" failures="0" errors="0" timestamp="2015-05-20T23:02:18" hostname="Jakes-iMac.local" time="0.001">
  <properties/>
  <testcase name="todo_instantiatesCorrectly" classname="TodoTest" time="0.001"/>
  <system-out><![CDATA[]]></system-out>
  <system-err><![CDATA[]]></system-err>
</testsuite>
